#
# There is insufficient memory for the Java Runtime Environment to continue.
# Native memory allocation (malloc) failed to allocate 261936 bytes for Chunk::new
# Possible reasons:
#   The system is out of physical RAM or swap space
#   The process is running with CompressedOops enabled, and the Java Heap may be blocking the growth of the native heap
# Possible solutions:
#   Reduce memory load on the system
#   Increase physical memory or swap space
#   Check if swap backing store is full
#   Decrease Java heap size (-Xmx/-Xms)
#   Decrease number of Java threads
#   Decrease Java thread stack sizes (-Xss)
#   Set larger code cache with -XX:ReservedCodeCacheSize=
#   JVM is running with Zero Based Compressed Oops mode in which the Java heap is
#     placed in the first 32GB address space. The Java Heap base address is the
#     maximum limit for the native heap growth. Please use -XX:HeapBaseMinAddress
#     to set the Java Heap base and to place the Java Heap above 32GB virtual address.
# This output file may be truncated or incomplete.
#
#  Out of Memory Error (./open/src/hotspot/share/memory/arena.cpp:195), pid=13204, tid=20176
#
# JRE version: OpenJDK Runtime Environment (15.0+36) (build 15+36-1562)
# Java VM: OpenJDK 64-Bit Server VM (15+36-1562, mixed mode, tiered, compressed oops, g1 gc, windows-amd64)
# No core dump will be written. Minidumps are not enabled by default on client versions of Windows
#

---------------  S U M M A R Y ------------

Command Line: -Dfile.encoding=UTF-8 -XX:+ShowCodeDetailsInExceptionMessages com.example.springboot.Application

Host: Intel(R) Core(TM) i5-8265U CPU @ 1.60GHz, 8 cores, 15G,  Windows 10 , 64 bit Build 18362 (10.0.18362.1110)
Time: Mon Feb  8 23:40:19 2021 India Standard Time elapsed time: 0.609150 seconds (0d 0h 0m 0s)

---------------  T H R E A D  ---------------

Current thread (0x000002379bd74110):  JavaThread "C2 CompilerThread1" daemon [_thread_in_native, id=20176, stack(0x0000008814c00000,0x0000008814d00000)]


Current CompileTask:
C2:    609  457  s!   4       jdk.internal.loader.URLClassPath::getLoader (194 bytes)

Stack: [0x0000008814c00000,0x0000008814d00000]
Native frames: (J=compiled Java code, j=interpreted, Vv=VM code, C=native code)
V  [jvm.dll+0x629eaa]
V  [jvm.dll+0x780379]
V  [jvm.dll+0x781ad3]
V  [jvm.dll+0x782133]
V  [jvm.dll+0x2159d5]
V  [jvm.dll+0x9794a]
V  [jvm.dll+0x9802c]
V  [jvm.dll+0x32dc35]
V  [jvm.dll+0x18dd31]
V  [jvm.dll+0x1e9ef2]
V  [jvm.dll+0x1e903e]
V  [jvm.dll+0x177f17]
V  [jvm.dll+0x1f88f5]
V  [jvm.dll+0x1f699c]
V  [jvm.dll+0x74384d]
V  [jvm.dll+0x73c64a]
V  [jvm.dll+0x628d16]
C  [ucrtbase.dll+0x210b2]
C  [KERNEL32.DLL+0x17c24]
C  [ntdll.dll+0x6d4d1]


---------------  P R O C E S S  ---------------

Threads class SMR info:
_java_thread_list=0x000002379bdc2f00, length=12, elements={
0x00000237fbdec590, 0x000002379b52d020, 0x000002379b52dad0, 0x000002379b518e40,
0x000002379b5198f0, 0x000002379b51a3a0, 0x000002379b565a00, 0x000002379b5663b0,
0x000002379b577270, 0x000002379b6ec410, 0x000002379b7114a0, 0x000002379bd74110
}

Java Threads: ( => current thread )
  0x00000237fbdec590 JavaThread "main" [_thread_in_Java, id=16136, stack(0x0000008813a00000,0x0000008813b00000)]
  0x000002379b52d020 JavaThread "Reference Handler" daemon [_thread_blocked, id=15808, stack(0x0000008814100000,0x0000008814200000)]
  0x000002379b52dad0 JavaThread "Finalizer" daemon [_thread_blocked, id=5296, stack(0x0000008814200000,0x0000008814300000)]
  0x000002379b518e40 JavaThread "Signal Dispatcher" daemon [_thread_blocked, id=19448, stack(0x0000008814300000,0x0000008814400000)]
  0x000002379b5198f0 JavaThread "Attach Listener" daemon [_thread_blocked, id=19804, stack(0x0000008814400000,0x0000008814500000)]
  0x000002379b51a3a0 JavaThread "Service Thread" daemon [_thread_blocked, id=17848, stack(0x0000008814500000,0x0000008814600000)]
  0x000002379b565a00 JavaThread "C2 CompilerThread0" daemon [_thread_blocked, id=20448, stack(0x0000008814600000,0x0000008814700000)]
  0x000002379b5663b0 JavaThread "C1 CompilerThread0" daemon [_thread_in_native, id=16808, stack(0x0000008814700000,0x0000008814800000)]
  0x000002379b577270 JavaThread "Sweeper thread" daemon [_thread_blocked, id=2840, stack(0x0000008814800000,0x0000008814900000)]
  0x000002379b6ec410 JavaThread "Notification Thread" daemon [_thread_blocked, id=8364, stack(0x0000008814900000,0x0000008814a00000)]
  0x000002379b7114a0 JavaThread "Common-Cleaner" daemon [_thread_blocked, id=18140, stack(0x0000008814b00000,0x0000008814c00000)]
=>0x000002379bd74110 JavaThread "C2 CompilerThread1" daemon [_thread_in_native, id=20176, stack(0x0000008814c00000,0x0000008814d00000)]

Other Threads:
  0x000002379b4f23b0 VMThread "VM Thread" [stack: 0x0000008814000000,0x0000008814100000] [id=18416]
  0x000002379b6ecef0 WatcherThread [stack: 0x0000008814a00000,0x0000008814b00000] [id=12544]
  0x00000237fbe3ec40 GCTaskThread "GC Thread#0" [stack: 0x0000008813b00000,0x0000008813c00000] [id=5364]
  0x00000237fbe50340 ConcurrentGCThread "G1 Main Marker" [stack: 0x0000008813c00000,0x0000008813d00000] [id=19980]
  0x00000237fbe51f40 ConcurrentGCThread "G1 Conc#0" [stack: 0x0000008813d00000,0x0000008813e00000] [id=20236]
  0x000002379ab1a5e0 ConcurrentGCThread "G1 Refine#0" [stack: 0x0000008813e00000,0x0000008813f00000] [id=9508]
  0x000002379ab1b1e0 ConcurrentGCThread "G1 Young RemSet Sampling" [stack: 0x0000008813f00000,0x0000008814000000] [id=11868]

Threads with active compile tasks:
C2 CompilerThread0      639  533       4       java.lang.StringLatin1::newString (24 bytes)
C1 CompilerThread0      639  531       3       java.util.Locale::getInstance (55 bytes)
C2 CompilerThread1      639  457  s!   4       jdk.internal.loader.URLClassPath::getLoader (194 bytes)

VM state: not at safepoint (normal execution)

VM Mutex/Monitor currently owned by a thread: None

Heap address: 0x0000000703600000, size: 4042 MB, Compressed Oops mode: Zero based, Oop shift amount: 3
CDS disabled.
Compressed class space mapped at: 0x0000000800000000-0x0000000840000000, size: 1073741824
Narrow klass base: 0x0000000800000000, Narrow klass shift: 0, Narrow klass range: 0x40000000

GC Precious Log:
 CPUs: 8 total, 8 available
 Memory: 16163M
 Large Page Support: Disabled
 NUMA Support: Disabled
 Compressed Oops: Enabled (Zero based)
 Heap Region Size: 2M
 Heap Min Capacity: 8M
 Heap Initial Capacity: 254M
 Heap Max Capacity: 4042M
 Pre-touch: Disabled
 Parallel Workers: 8
 Concurrent Workers: 2
 Concurrent Refinement Workers: 8
 Periodic GC: Disabled

Heap:
 garbage-first heap   total 260096K, used 8192K [0x0000000703600000, 0x0000000800000000)
  region size 2048K, 6 young (12288K), 0 survivors (0K)
 Metaspace       used 8429K, capacity 8493K, committed 8704K, reserved 1056768K
  class space    used 714K, capacity 723K, committed 768K, reserved 1048576K

Heap Regions: E=young(eden), S=young(survivor), O=old, HS=humongous(starts), HC=humongous(continues), CS=collection set, F=free, OA=open archive, CA=closed archive, TAMS=top-at-mark-start (previous, next)
|   0|0x0000000703600000, 0x0000000703600000, 0x0000000703800000|  0%| F|  |TAMS 0x0000000703600000, 0x0000000703600000| Untracked 
|   1|0x0000000703800000, 0x0000000703800000, 0x0000000703a00000|  0%| F|  |TAMS 0x0000000703800000, 0x0000000703800000| Untracked 
|   2|0x0000000703a00000, 0x0000000703a00000, 0x0000000703c00000|  0%| F|  |TAMS 0x0000000703a00000, 0x0000000703a00000| Untracked 
|   3|0x0000000703c00000, 0x0000000703c00000, 0x0000000703e00000|  0%| F|  |TAMS 0x0000000703c00000, 0x0000000703c00000| Untracked 
|   4|0x0000000703e00000, 0x0000000703e00000, 0x0000000704000000|  0%| F|  |TAMS 0x0000000703e00000, 0x0000000703e00000| Untracked 
|   5|0x0000000704000000, 0x0000000704000000, 0x0000000704200000|  0%| F|  |TAMS 0x0000000704000000, 0x0000000704000000| Untracked 
|   6|0x0000000704200000, 0x0000000704200000, 0x0000000704400000|  0%| F|  |TAMS 0x0000000704200000, 0x0000000704200000| Untracked 
|   7|0x0000000704400000, 0x0000000704400000, 0x0000000704600000|  0%| F|  |TAMS 0x0000000704400000, 0x0000000704400000| Untracked 
|   8|0x0000000704600000, 0x0000000704600000, 0x0000000704800000|  0%| F|  |TAMS 0x0000000704600000, 0x0000000704600000| Untracked 
|   9|0x0000000704800000, 0x0000000704800000, 0x0000000704a00000|  0%| F|  |TAMS 0x0000000704800000, 0x0000000704800000| Untracked 
|  10|0x0000000704a00000, 0x0000000704a00000, 0x0000000704c00000|  0%| F|  |TAMS 0x0000000704a00000, 0x0000000704a00000| Untracked 
|  11|0x0000000704c00000, 0x0000000704c00000, 0x0000000704e00000|  0%| F|  |TAMS 0x0000000704c00000, 0x0000000704c00000| Untracked 
|  12|0x0000000704e00000, 0x0000000704e00000, 0x0000000705000000|  0%| F|  |TAMS 0x0000000704e00000, 0x0000000704e00000| Untracked 
|  13|0x0000000705000000, 0x0000000705000000, 0x0000000705200000|  0%| F|  |TAMS 0x0000000705000000, 0x0000000705000000| Untracked 
|  14|0x0000000705200000, 0x0000000705200000, 0x0000000705400000|  0%| F|  |TAMS 0x0000000705200000, 0x0000000705200000| Untracked 
|  15|0x0000000705400000, 0x0000000705400000, 0x0000000705600000|  0%| F|  |TAMS 0x0000000705400000, 0x0000000705400000| Untracked 
|  16|0x0000000705600000, 0x0000000705600000, 0x0000000705800000|  0%| F|  |TAMS 0x0000000705600000, 0x0000000705600000| Untracked 
|  17|0x0000000705800000, 0x0000000705800000, 0x0000000705a00000|  0%| F|  |TAMS 0x0000000705800000, 0x0000000705800000| Untracked 
|  18|0x0000000705a00000, 0x0000000705a00000, 0x0000000705c00000|  0%| F|  |TAMS 0x0000000705a00000, 0x0000000705a00000| Untracked 
|  19|0x0000000705c00000, 0x0000000705c00000, 0x0000000705e00000|  0%| F|  |TAMS 0x0000000705c00000, 0x0000000705c00000| Untracked 
|  20|0x0000000705e00000, 0x0000000705e00000, 0x0000000706000000|  0%| F|  |TAMS 0x0000000705e00000, 0x0000000705e00000| Untracked 
|  21|0x0000000706000000, 0x0000000706000000, 0x0000000706200000|  0%| F|  |TAMS 0x0000000706000000, 0x0000000706000000| Untracked 
|  22|0x0000000706200000, 0x0000000706200000, 0x0000000706400000|  0%| F|  |TAMS 0x0000000706200000, 0x0000000706200000| Untracked 
|  23|0x0000000706400000, 0x0000000706400000, 0x0000000706600000|  0%| F|  |TAMS 0x0000000706400000, 0x0000000706400000| Untracked 
|  24|0x0000000706600000, 0x0000000706600000, 0x0000000706800000|  0%| F|  |TAMS 0x0000000706600000, 0x0000000706600000| Untracked 
|  25|0x0000000706800000, 0x0000000706800000, 0x0000000706a00000|  0%| F|  |TAMS 0x0000000706800000, 0x0000000706800000| Untracked 
|  26|0x0000000706a00000, 0x0000000706a00000, 0x0000000706c00000|  0%| F|  |TAMS 0x0000000706a00000, 0x0000000706a00000| Untracked 
|  27|0x0000000706c00000, 0x0000000706c00000, 0x0000000706e00000|  0%| F|  |TAMS 0x0000000706c00000, 0x0000000706c00000| Untracked 
|  28|0x0000000706e00000, 0x0000000706e00000, 0x0000000707000000|  0%| F|  |TAMS 0x0000000706e00000, 0x0000000706e00000| Untracked 
|  29|0x0000000707000000, 0x0000000707000000, 0x0000000707200000|  0%| F|  |TAMS 0x0000000707000000, 0x0000000707000000| Untracked 
|  30|0x0000000707200000, 0x0000000707200000, 0x0000000707400000|  0%| F|  |TAMS 0x0000000707200000, 0x0000000707200000| Untracked 
|  31|0x0000000707400000, 0x0000000707400000, 0x0000000707600000|  0%| F|  |TAMS 0x0000000707400000, 0x0000000707400000| Untracked 
|  32|0x0000000707600000, 0x0000000707600000, 0x0000000707800000|  0%| F|  |TAMS 0x0000000707600000, 0x0000000707600000| Untracked 
|  33|0x0000000707800000, 0x0000000707800000, 0x0000000707a00000|  0%| F|  |TAMS 0x0000000707800000, 0x0000000707800000| Untracked 
|  34|0x0000000707a00000, 0x0000000707a00000, 0x0000000707c00000|  0%| F|  |TAMS 0x0000000707a00000, 0x0000000707a00000| Untracked 
|  35|0x0000000707c00000, 0x0000000707c00000, 0x0000000707e00000|  0%| F|  |TAMS 0x0000000707c00000, 0x0000000707c00000| Untracked 
|  36|0x0000000707e00000, 0x0000000707e00000, 0x0000000708000000|  0%| F|  |TAMS 0x0000000707e00000, 0x0000000707e00000| Untracked 
|  37|0x0000000708000000, 0x0000000708000000, 0x0000000708200000|  0%| F|  |TAMS 0x0000000708000000, 0x0000000708000000| Untracked 
|  38|0x0000000708200000, 0x0000000708200000, 0x0000000708400000|  0%| F|  |TAMS 0x0000000708200000, 0x0000000708200000| Untracked 
|  39|0x0000000708400000, 0x0000000708400000, 0x0000000708600000|  0%| F|  |TAMS 0x0000000708400000, 0x0000000708400000| Untracked 
|  40|0x0000000708600000, 0x0000000708600000, 0x0000000708800000|  0%| F|  |TAMS 0x0000000708600000, 0x0000000708600000| Untracked 
|  41|0x0000000708800000, 0x0000000708800000, 0x0000000708a00000|  0%| F|  |TAMS 0x0000000708800000, 0x0000000708800000| Untracked 
|  42|0x0000000708a00000, 0x0000000708a00000, 0x0000000708c00000|  0%| F|  |TAMS 0x0000000708a00000, 0x0000000708a00000| Untracked 
|  43|0x0000000708c00000, 0x0000000708c00000, 0x0000000708e00000|  0%| F|  |TAMS 0x0000000708c00000, 0x0000000708c00000| Untracked 
|  44|0x0000000708e00000, 0x0000000708e00000, 0x0000000709000000|  0%| F|  |TAMS 0x0000000708e00000, 0x0000000708e00000| Untracked 
|  45|0x0000000709000000, 0x0000000709000000, 0x0000000709200000|  0%| F|  |TAMS 0x0000000709000000, 0x0000000709000000| Untracked 
|  46|0x0000000709200000, 0x0000000709200000, 0x0000000709400000|  0%| F|  |TAMS 0x0000000709200000, 0x0000000709200000| Untracked 
|  47|0x0000000709400000, 0x0000000709400000, 0x0000000709600000|  0%| F|  |TAMS 0x0000000709400000, 0x0000000709400000| Untracked 
|  48|0x0000000709600000, 0x0000000709600000, 0x0000000709800000|  0%| F|  |TAMS 0x0000000709600000, 0x0000000709600000| Untracked 
|  49|0x0000000709800000, 0x0000000709800000, 0x0000000709a00000|  0%| F|  |TAMS 0x0000000709800000, 0x0000000709800000| Untracked 
|  50|0x0000000709a00000, 0x0000000709a00000, 0x0000000709c00000|  0%| F|  |TAMS 0x0000000709a00000, 0x0000000709a00000| Untracked 
|  51|0x0000000709c00000, 0x0000000709c00000, 0x0000000709e00000|  0%| F|  |TAMS 0x0000000709c00000, 0x0000000709c00000| Untracked 
|  52|0x0000000709e00000, 0x0000000709e00000, 0x000000070a000000|  0%| F|  |TAMS 0x0000000709e00000, 0x0000000709e00000| Untracked 
|  53|0x000000070a000000, 0x000000070a000000, 0x000000070a200000|  0%| F|  |TAMS 0x000000070a000000, 0x000000070a000000| Untracked 
|  54|0x000000070a200000, 0x000000070a200000, 0x000000070a400000|  0%| F|  |TAMS 0x000000070a200000, 0x000000070a200000| Untracked 
|  55|0x000000070a400000, 0x000000070a400000, 0x000000070a600000|  0%| F|  |TAMS 0x000000070a400000, 0x000000070a400000| Untracked 
|  56|0x000000070a600000, 0x000000070a600000, 0x000000070a800000|  0%| F|  |TAMS 0x000000070a600000, 0x000000070a600000| Untracked 
|  57|0x000000070a800000, 0x000000070a800000, 0x000000070aa00000|  0%| F|  |TAMS 0x000000070a800000, 0x000000070a800000| Untracked 
|  58|0x000000070aa00000, 0x000000070aa00000, 0x000000070ac00000|  0%| F|  |TAMS 0x000000070aa00000, 0x000000070aa00000| Untracked 
|  59|0x000000070ac00000, 0x000000070ac00000, 0x000000070ae00000|  0%| F|  |TAMS 0x000000070ac00000, 0x000000070ac00000| Untracked 
|  60|0x000000070ae00000, 0x000000070ae00000, 0x000000070b000000|  0%| F|  |TAMS 0x000000070ae00000, 0x000000070ae00000| Untracked 
|  61|0x000000070b000000, 0x000000070b000000, 0x000000070b200000|  0%| F|  |TAMS 0x000000070b000000, 0x000000070b000000| Untracked 
|  62|0x000000070b200000, 0x000000070b200000, 0x000000070b400000|  0%| F|  |TAMS 0x000000070b200000, 0x000000070b200000| Untracked 
|  63|0x000000070b400000, 0x000000070b400000, 0x000000070b600000|  0%| F|  |TAMS 0x000000070b400000, 0x000000070b400000| Untracked 
|  64|0x000000070b600000, 0x000000070b600000, 0x000000070b800000|  0%| F|  |TAMS 0x000000070b600000, 0x000000070b600000| Untracked 
|  65|0x000000070b800000, 0x000000070b800000, 0x000000070ba00000|  0%| F|  |TAMS 0x000000070b800000, 0x000000070b800000| Untracked 
|  66|0x000000070ba00000, 0x000000070ba00000, 0x000000070bc00000|  0%| F|  |TAMS 0x000000070ba00000, 0x000000070ba00000| Untracked 
|  67|0x000000070bc00000, 0x000000070bc00000, 0x000000070be00000|  0%| F|  |TAMS 0x000000070bc00000, 0x000000070bc00000| Untracked 
|  68|0x000000070be00000, 0x000000070be00000, 0x000000070c000000|  0%| F|  |TAMS 0x000000070be00000, 0x000000070be00000| Untracked 
|  69|0x000000070c000000, 0x000000070c000000, 0x000000070c200000|  0%| F|  |TAMS 0x000000070c000000, 0x000000070c000000| Untracked 
|  70|0x000000070c200000, 0x000000070c200000, 0x000000070c400000|  0%| F|  |TAMS 0x000000070c200000, 0x000000070c200000| Untracked 
|  71|0x000000070c400000, 0x000000070c400000, 0x000000070c600000|  0%| F|  |TAMS 0x000000070c400000, 0x000000070c400000| Untracked 
|  72|0x000000070c600000, 0x000000070c600000, 0x000000070c800000|  0%| F|  |TAMS 0x000000070c600000, 0x000000070c600000| Untracked 
|  73|0x000000070c800000, 0x000000070c800000, 0x000000070ca00000|  0%| F|  |TAMS 0x000000070c800000, 0x000000070c800000| Untracked 
|  74|0x000000070ca00000, 0x000000070ca00000, 0x000000070cc00000|  0%| F|  |TAMS 0x000000070ca00000, 0x000000070ca00000| Untracked 
|  75|0x000000070cc00000, 0x000000070cc00000, 0x000000070ce00000|  0%| F|  |TAMS 0x000000070cc00000, 0x000000070cc00000| Untracked 
|  76|0x000000070ce00000, 0x000000070ce00000, 0x000000070d000000|  0%| F|  |TAMS 0x000000070ce00000, 0x000000070ce00000| Untracked 
|  77|0x000000070d000000, 0x000000070d000000, 0x000000070d200000|  0%| F|  |TAMS 0x000000070d000000, 0x000000070d000000| Untracked 
|  78|0x000000070d200000, 0x000000070d200000, 0x000000070d400000|  0%| F|  |TAMS 0x000000070d200000, 0x000000070d200000| Untracked 
|  79|0x000000070d400000, 0x000000070d400000, 0x000000070d600000|  0%| F|  |TAMS 0x000000070d400000, 0x000000070d400000| Untracked 
|  80|0x000000070d600000, 0x000000070d600000, 0x000000070d800000|  0%| F|  |TAMS 0x000000070d600000, 0x000000070d600000| Untracked 
|  81|0x000000070d800000, 0x000000070d800000, 0x000000070da00000|  0%| F|  |TAMS 0x000000070d800000, 0x000000070d800000| Untracked 
|  82|0x000000070da00000, 0x000000070da00000, 0x000000070dc00000|  0%| F|  |TAMS 0x000000070da00000, 0x000000070da00000| Untracked 
|  83|0x000000070dc00000, 0x000000070dc00000, 0x000000070de00000|  0%| F|  |TAMS 0x000000070dc00000, 0x000000070dc00000| Untracked 
|  84|0x000000070de00000, 0x000000070de00000, 0x000000070e000000|  0%| F|  |TAMS 0x000000070de00000, 0x000000070de00000| Untracked 
|  85|0x000000070e000000, 0x000000070e000000, 0x000000070e200000|  0%| F|  |TAMS 0x000000070e000000, 0x000000070e000000| Untracked 
|  86|0x000000070e200000, 0x000000070e200000, 0x000000070e400000|  0%| F|  |TAMS 0x000000070e200000, 0x000000070e200000| Untracked 
|  87|0x000000070e400000, 0x000000070e400000, 0x000000070e600000|  0%| F|  |TAMS 0x000000070e400000, 0x000000070e400000| Untracked 
|  88|0x000000070e600000, 0x000000070e600000, 0x000000070e800000|  0%| F|  |TAMS 0x000000070e600000, 0x000000070e600000| Untracked 
|  89|0x000000070e800000, 0x000000070e800000, 0x000000070ea00000|  0%| F|  |TAMS 0x000000070e800000, 0x000000070e800000| Untracked 
|  90|0x000000070ea00000, 0x000000070ea00000, 0x000000070ec00000|  0%| F|  |TAMS 0x000000070ea00000, 0x000000070ea00000| Untracked 
|  91|0x000000070ec00000, 0x000000070ec00000, 0x000000070ee00000|  0%| F|  |TAMS 0x000000070ec00000, 0x000000070ec00000| Untracked 
|  92|0x000000070ee00000, 0x000000070ee00000, 0x000000070f000000|  0%| F|  |TAMS 0x000000070ee00000, 0x000000070ee00000| Untracked 
|  93|0x000000070f000000, 0x000000070f000000, 0x000000070f200000|  0%| F|  |TAMS 0x000000070f000000, 0x000000070f000000| Untracked 
|  94|0x000000070f200000, 0x000000070f200000, 0x000000070f400000|  0%| F|  |TAMS 0x000000070f200000, 0x000000070f200000| Untracked 
|  95|0x000000070f400000, 0x000000070f400000, 0x000000070f600000|  0%| F|  |TAMS 0x000000070f400000, 0x000000070f400000| Untracked 
|  96|0x000000070f600000, 0x000000070f600000, 0x000000070f800000|  0%| F|  |TAMS 0x000000070f600000, 0x000000070f600000| Untracked 
|  97|0x000000070f800000, 0x000000070f800000, 0x000000070fa00000|  0%| F|  |TAMS 0x000000070f800000, 0x000000070f800000| Untracked 
|  98|0x000000070fa00000, 0x000000070fa00000, 0x000000070fc00000|  0%| F|  |TAMS 0x000000070fa00000, 0x000000070fa00000| Untracked 
|  99|0x000000070fc00000, 0x000000070fc00000, 0x000000070fe00000|  0%| F|  |TAMS 0x000000070fc00000, 0x000000070fc00000| Untracked 
| 100|0x000000070fe00000, 0x000000070fe00000, 0x0000000710000000|  0%| F|  |TAMS 0x000000070fe00000, 0x000000070fe00000| Untracked 
| 101|0x0000000710000000, 0x0000000710000000, 0x0000000710200000|  0%| F|  |TAMS 0x0000000710000000, 0x0000000710000000| Untracked 
| 102|0x0000000710200000, 0x0000000710200000, 0x0000000710400000|  0%| F|  |TAMS 0x0000000710200000, 0x0000000710200000| Untracked 
| 103|0x0000000710400000, 0x0000000710400000, 0x0000000710600000|  0%| F|  |TAMS 0x0000000710400000, 0x0000000710400000| Untracked 
| 104|0x0000000710600000, 0x0000000710600000, 0x0000000710800000|  0%| F|  |TAMS 0x0000000710600000, 0x0000000710600000| Untracked 
| 105|0x0000000710800000, 0x0000000710800000, 0x0000000710a00000|  0%| F|  |TAMS 0x0000000710800000, 0x0000000710800000| Untracked 
| 106|0x0000000710a00000, 0x0000000710a00000, 0x0000000710c00000|  0%| F|  |TAMS 0x0000000710a00000, 0x0000000710a00000| Untracked 
| 107|0x0000000710c00000, 0x0000000710c00000, 0x0000000710e00000|  0%| F|  |TAMS 0x0000000710c00000, 0x0000000710c00000| Untracked 
| 108|0x0000000710e00000, 0x0000000710e00000, 0x0000000711000000|  0%| F|  |TAMS 0x0000000710e00000, 0x0000000710e00000| Untracked 
| 109|0x0000000711000000, 0x0000000711000000, 0x0000000711200000|  0%| F|  |TAMS 0x0000000711000000, 0x0000000711000000| Untracked 
| 110|0x0000000711200000, 0x0000000711200000, 0x0000000711400000|  0%| F|  |TAMS 0x0000000711200000, 0x0000000711200000| Untracked 
| 111|0x0000000711400000, 0x0000000711400000, 0x0000000711600000|  0%| F|  |TAMS 0x0000000711400000, 0x0000000711400000| Untracked 
| 112|0x0000000711600000, 0x0000000711600000, 0x0000000711800000|  0%| F|  |TAMS 0x0000000711600000, 0x0000000711600000| Untracked 
| 113|0x0000000711800000, 0x0000000711800000, 0x0000000711a00000|  0%| F|  |TAMS 0x0000000711800000, 0x0000000711800000| Untracked 
| 114|0x0000000711a00000, 0x0000000711a00000, 0x0000000711c00000|  0%| F|  |TAMS 0x0000000711a00000, 0x0000000711a00000| Untracked 
| 115|0x0000000711c00000, 0x0000000711c00000, 0x0000000711e00000|  0%| F|  |TAMS 0x0000000711c00000, 0x0000000711c00000| Untracked 
| 116|0x0000000711e00000, 0x0000000711e00000, 0x0000000712000000|  0%| F|  |TAMS 0x0000000711e00000, 0x0000000711e00000| Untracked 
| 117|0x0000000712000000, 0x0000000712000000, 0x0000000712200000|  0%| F|  |TAMS 0x0000000712000000, 0x0000000712000000| Untracked 
| 118|0x0000000712200000, 0x0000000712200000, 0x0000000712400000|  0%| F|  |TAMS 0x0000000712200000, 0x0000000712200000| Untracked 
| 119|0x0000000712400000, 0x0000000712400000, 0x0000000712600000|  0%| F|  |TAMS 0x0000000712400000, 0x0000000712400000| Untracked 
| 120|0x0000000712600000, 0x0000000712600000, 0x0000000712800000|  0%| F|  |TAMS 0x0000000712600000, 0x0000000712600000| Untracked 
| 121|0x0000000712800000, 0x00000007128e1e98, 0x0000000712a00000| 44%| E|  |TAMS 0x0000000712800000, 0x0000000712800000| Complete 
| 122|0x0000000712a00000, 0x0000000712c00000, 0x0000000712c00000|100%| E|CS|TAMS 0x0000000712a00000, 0x0000000712a00000| Complete 
| 123|0x0000000712c00000, 0x0000000712e00000, 0x0000000712e00000|100%| E|CS|TAMS 0x0000000712c00000, 0x0000000712c00000| Complete 
| 124|0x0000000712e00000, 0x0000000713000000, 0x0000000713000000|100%| E|CS|TAMS 0x0000000712e00000, 0x0000000712e00000| Complete 
| 125|0x0000000713000000, 0x0000000713200000, 0x0000000713200000|100%| E|  |TAMS 0x0000000713000000, 0x0000000713000000| Complete 
| 126|0x0000000713200000, 0x0000000713400000, 0x0000000713400000|100%| E|CS|TAMS 0x0000000713200000, 0x0000000713200000| Complete 

Card table byte_map: [0x000002378f7f0000,0x000002378ffe0000] _byte_map_base: 0x000002378bfd5000

Marking Bits (Prev, Next): (CMBitMap*) 0x00000237fbe3f4b0, (CMBitMap*) 0x00000237fbe3f4f0
 Prev Bits: [0x00000237907d0000, 0x00000237946f8000)
 Next Bits: [0x0000023794700000, 0x0000023798628000)

Polling page: 0x00000237fb510000

Metaspace:

Usage:
  Non-class:      7.65 MB capacity,     7.56 MB ( 99%) used,    88.73 KB (  1%) free+waste,     4.19 KB ( <1%) overhead. 
      Class:    723.00 KB capacity,   715.11 KB ( 99%) used,     6.58 KB ( <1%) free+waste,     1.31 KB ( <1%) overhead. 
       Both:      8.36 MB capacity,     8.26 MB ( 99%) used,    95.30 KB (  1%) free+waste,     5.50 KB ( <1%) overhead. 

Virtual space:
  Non-class space:        8.00 MB reserved,       7.75 MB ( 97%) committed 
      Class space:        1.00 GB reserved,     768.00 KB ( <1%) committed 
             Both:        1.01 GB reserved,       8.50 MB ( <1%) committed 

Chunk freelists:
   Non-Class:  38.00 KB
       Class:  13.00 KB
        Both:  51.00 KB

MaxMetaspaceSize: 17179869184.00 GB
CompressedClassSpaceSize: 1.00 GB

CodeHeap 'non-profiled nmethods': size=120000Kb used=170Kb max_used=170Kb free=119829Kb
 bounds [0x0000023787ad0000, 0x0000023787d40000, 0x000002378f000000]
CodeHeap 'profiled nmethods': size=120000Kb used=972Kb max_used=972Kb free=119027Kb
 bounds [0x00000237805a0000, 0x0000023780810000, 0x0000023787ad0000]
CodeHeap 'non-nmethods': size=5760Kb used=1139Kb max_used=1155Kb free=4620Kb
 bounds [0x0000023780000000, 0x0000023780270000, 0x00000237805a0000]
 total_blobs=931 nmethods=545 adapters=299
 compilation: enabled
              stopped_count=0, restarted_count=0
 full_count=0

Compilation events (20 events):
Event: 0.603 Thread 0x000002379b5663b0  473       3       java.io.DataInputStream::readFully (63 bytes)
Event: 0.603 Thread 0x000002379b5663b0 nmethod 473 0x0000023780669d10 code [0x0000023780669f00, 0x000002378066a388]
Event: 0.603 Thread 0x000002379b5663b0  469  s    3       java.io.BufferedInputStream::read (49 bytes)
Event: 0.604 Thread 0x000002379b5663b0 nmethod 469 0x000002378066a590 code [0x000002378066a760, 0x000002378066abb8]
Event: 0.604 Thread 0x000002379b5663b0  471  s    3       java.io.BufferedInputStream::read (113 bytes)
Event: 0.604 Thread 0x000002379b5663b0 nmethod 471 0x000002378066ad10 code [0x000002378066af20, 0x000002378066b798]
Event: 0.604 Thread 0x000002379b5663b0  474       3       java.io.DataInputStream::readShort (40 bytes)
Event: 0.604 Thread 0x000002379b5663b0 nmethod 474 0x000002378066ba10 code [0x000002378066bbe0, 0x000002378066bf68]
Event: 0.604 Thread 0x000002379b5663b0  470       3       java.io.BufferedInputStream::read1 (108 bytes)
Event: 0.605 Thread 0x000002379b5663b0 nmethod 470 0x000002378066c090 code [0x000002378066c2c0, 0x000002378066cb98]
Event: 0.605 Thread 0x000002379b5663b0  472       3       java.io.DataInputStream::readUTF (5 bytes)
Event: 0.605 Thread 0x000002379b5663b0 nmethod 472 0x000002378066ce90 code [0x000002378066d040, 0x000002378066d168]
Event: 0.605 Thread 0x000002379b5663b0  464       3       java.util.jar.Attributes::getValue (9 bytes)
Event: 0.605 Thread 0x000002379b5663b0 nmethod 464 0x000002378066d210 code [0x000002378066d3c0, 0x000002378066d6e8]
Event: 0.605 Thread 0x000002379b5663b0  465       3       java.util.jar.Attributes::get (11 bytes)
Event: 0.605 Thread 0x000002379b5663b0 nmethod 465 0x000002378066d810 code [0x000002378066d9c0, 0x000002378066db88]
Event: 0.606 Thread 0x000002379b5663b0  475       1       sun.util.locale.BaseLocale::getLanguage (5 bytes)
Event: 0.606 Thread 0x000002379b5663b0 nmethod 475 0x0000023787af5e10 code [0x0000023787af5fa0, 0x0000023787af6058]
Event: 0.606 Thread 0x000002379b5663b0  476       3       sun.util.locale.LocaleUtils::isUpper (18 bytes)
Event: 0.606 Thread 0x000002379b5663b0 nmethod 476 0x000002378066dc90 code [0x000002378066de20, 0x000002378066df98]

GC Heap History (0 events):
No events

Deoptimization events (20 events):
Event: 0.227 Thread 0x00000237fbdec590 DEOPT PACKING pc=0x0000023787ad141c sp=0x0000008813afee40
Event: 0.227 Thread 0x00000237fbdec590 DEOPT UNPACKING pc=0x000002378004e42f sp=0x0000008813afed80 mode 2
Event: 0.228 Thread 0x00000237fbdec590 Uncommon trap: trap_request=0xffffff45 fr.pc=0x0000023787ad53b8 relative=0x0000000000000218
Event: 0.228 Thread 0x00000237fbdec590 Uncommon trap: reason=unstable_if action=reinterpret pc=0x0000023787ad53b8 method=java.lang.String.hashCode()I @ 42 c2
Event: 0.228 Thread 0x00000237fbdec590 DEOPT PACKING pc=0x0000023787ad53b8 sp=0x0000008813afd720
Event: 0.228 Thread 0x00000237fbdec590 DEOPT UNPACKING pc=0x000002378004e42f sp=0x0000008813afd6b8 mode 2
Event: 0.247 Thread 0x00000237fbdec590 DEOPT PACKING pc=0x00000237805a7979 sp=0x0000008813afbf00
Event: 0.247 Thread 0x00000237fbdec590 DEOPT UNPACKING pc=0x000002378004e23f sp=0x0000008813afb388 mode 0
Event: 0.340 Thread 0x00000237fbdec590 Uncommon trap: trap_request=0xffffff45 fr.pc=0x0000023787ade6b0 relative=0x0000000000000190
Event: 0.340 Thread 0x00000237fbdec590 Uncommon trap: reason=unstable_if action=reinterpret pc=0x0000023787ade6b0 method=java.util.zip.ZipFile$Source.isMetaName([BII)Z @ 43 c2
Event: 0.340 Thread 0x00000237fbdec590 DEOPT PACKING pc=0x0000023787ade6b0 sp=0x0000008813afd930
Event: 0.340 Thread 0x00000237fbdec590 DEOPT UNPACKING pc=0x000002378004e42f sp=0x0000008813afd8d8 mode 2
Event: 0.447 Thread 0x00000237fbdec590 Uncommon trap: trap_request=0xffffff45 fr.pc=0x0000023787ad8060 relative=0x0000000000000060
Event: 0.447 Thread 0x00000237fbdec590 Uncommon trap: reason=unstable_if action=reinterpret pc=0x0000023787ad8060 method=java.io.WinNTFileSystem.isSlash(C)Z @ 9 c2
Event: 0.447 Thread 0x00000237fbdec590 DEOPT PACKING pc=0x0000023787ad8060 sp=0x0000008813afdfe0
Event: 0.447 Thread 0x00000237fbdec590 DEOPT UNPACKING pc=0x000002378004e42f sp=0x0000008813afdf68 mode 2
Event: 0.524 Thread 0x00000237fbdec590 Uncommon trap: trap_request=0xffffff45 fr.pc=0x0000023787aea370 relative=0x0000000000000250
Event: 0.524 Thread 0x00000237fbdec590 Uncommon trap: reason=unstable_if action=reinterpret pc=0x0000023787aea370 method=java.io.BufferedReader.read()I @ 19 c2
Event: 0.524 Thread 0x00000237fbdec590 DEOPT PACKING pc=0x0000023787aea370 sp=0x0000008813afc340
Event: 0.524 Thread 0x00000237fbdec590 DEOPT UNPACKING pc=0x000002378004e42f sp=0x0000008813afc280 mode 2

Classes unloaded (0 events):
No events

Classes redefined (0 events):
No events

Internal exceptions (3 events):
Event: 0.522 Thread 0x00000237fbdec590 Exception <a 'java/lang/ClassNotFoundException'{0x0000000712af4e18}: javax/smartcardio/CardPermission> (0x0000000712af4e18) 
thrown [./open/src/hotspot/share/classfile/systemDictionary.cpp, line 295]
Event: 0.525 Thread 0x00000237fbdec590 Exception <a 'java/io/FileNotFoundException'{0x0000000712b03550}> (0x0000000712b03550) 
thrown [./open/src/hotspot/share/prims/jni.cpp, line 578]
Event: 0.553 Thread 0x00000237fbdec590 Exception <a 'java/lang/NoSuchMethodError'{0x0000000712b2f030}: 'void java.lang.invoke.DirectMethodHandle$Holder.invokeSpecial(java.lang.Object, java.lang.Object, java.lang.Object)'> (0x0000000712b2f030) 
thrown [./open/src/hotspot/share/interpreter/linkResolver.cpp, line 782]

Events (20 events):
Event: 0.605 loading class sun/util/locale/InternalLocaleBuilder$CaseInsensitiveChar done
Event: 0.605 loading class sun/util/locale/BaseLocale$Key
Event: 0.605 loading class sun/util/locale/BaseLocale$Key done
Event: 0.605 loading class sun/util/locale/BaseLocale$Cache
Event: 0.605 loading class sun/util/locale/LocaleObjectCache
Event: 0.605 loading class sun/util/locale/LocaleObjectCache done
Event: 0.605 loading class sun/util/locale/BaseLocale$Cache done
Event: 0.605 loading class sun/util/locale/LocaleObjectCache$CacheEntry
Event: 0.606 loading class sun/util/locale/LocaleObjectCache$CacheEntry done
Event: 0.606 loading class java/util/Locale$Cache
Event: 0.606 loading class java/util/Locale$Cache done
Event: 0.606 loading class sun/util/cldr/CLDRLocaleProviderAdapter$1
Event: 0.606 loading class sun/util/cldr/CLDRLocaleProviderAdapter$1 done
Event: 0.607 loading class java/util/concurrent/CopyOnWriteArrayList$COWIterator
Event: 0.607 loading class java/util/concurrent/CopyOnWriteArrayList$COWIterator done
Event: 0.607 loading class jdk/internal/module/ModulePatcher$PatchedModuleReader
Event: 0.607 loading class jdk/internal/module/ModulePatcher$PatchedModuleReader done
Event: 0.607 loading class jdk/internal/jimage/ImageBufferCache
Event: 0.607 loading class jdk/internal/jimage/ImageBufferCache done
Event: 0.607 loading class jdk/internal/jimage/ImageBufferCache$1


Dynamic libraries:
0x00007ff6eefd0000 - 0x00007ff6eefdd000 	D:\softwares\sts\sts-4.8.1.RELEASE\plugins\org.eclipse.justj.openjdk.hotspot.jre.full.win32.x86_64_15.0.0.v20201014-1246\jre\bin\javaw.exe
0x00007fffa9940000 - 0x00007fffa9b30000 	C:\Windows\SYSTEM32\ntdll.dll
0x00007fffa8720000 - 0x00007fffa87d2000 	C:\Windows\System32\KERNEL32.DLL
0x00007fffa7400000 - 0x00007fffa76a5000 	C:\Windows\System32\KERNELBASE.dll
0x00007fffa68b0000 - 0x00007fffa69aa000 	C:\Windows\System32\ucrtbase.dll
0x00007fff7e740000 - 0x00007fff7e758000 	D:\softwares\sts\sts-4.8.1.RELEASE\plugins\org.eclipse.justj.openjdk.hotspot.jre.full.win32.x86_64_15.0.0.v20201014-1246\jre\bin\jli.dll
0x00007fff7e590000 - 0x00007fff7e5a9000 	D:\softwares\sts\sts-4.8.1.RELEASE\plugins\org.eclipse.justj.openjdk.hotspot.jre.full.win32.x86_64_15.0.0.v20201014-1246\jre\bin\VCRUNTIME140.dll
0x00007fffa8500000 - 0x00007fffa8694000 	C:\Windows\System32\USER32.dll
0x00007fffa7800000 - 0x00007fffa7821000 	C:\Windows\System32\win32u.dll
0x00007fff92ed0000 - 0x00007fff93154000 	C:\Windows\WinSxS\amd64_microsoft.windows.common-controls_6595b64144ccf1df_6.0.18362.1256_none_9e7e379be45e40e2\COMCTL32.dll
0x00007fffa84c0000 - 0x00007fffa84e6000 	C:\Windows\System32\GDI32.dll
0x00007fffa7da0000 - 0x00007fffa7e3e000 	C:\Windows\System32\msvcrt.dll
0x00007fffa7830000 - 0x00007fffa79c6000 	C:\Windows\System32\gdi32full.dll
0x00007fffa8850000 - 0x00007fffa8b86000 	C:\Windows\System32\combase.dll
0x00007fffa76b0000 - 0x00007fffa774e000 	C:\Windows\System32\msvcp_win.dll
0x00007fffa8fb0000 - 0x00007fffa90d0000 	C:\Windows\System32\RPCRT4.dll
0x00007fffa72e0000 - 0x00007fffa7361000 	C:\Windows\System32\bcryptPrimitives.dll
0x00007fffa8d30000 - 0x00007fffa8d5e000 	C:\Windows\System32\IMM32.DLL
0x00007fff797a0000 - 0x00007fff79844000 	C:\Program Files\McAfee\Endpoint Security\Threat Prevention\Ips\EpMPApi.dll
0x00007fffa8df0000 - 0x00007fffa8e93000 	C:\Windows\System32\ADVAPI32.dll
0x00007fffa79f0000 - 0x00007fffa7a87000 	C:\Windows\System32\sechost.dll
0x00007fffa7370000 - 0x00007fffa73cc000 	C:\Windows\System32\WINTRUST.dll
0x00007fffa6890000 - 0x00007fffa68a2000 	C:\Windows\System32\MSASN1.dll
0x00007fffa69b0000 - 0x00007fffa6af9000 	C:\Windows\System32\CRYPT32.dll
0x0000000050010000 - 0x000000005001c000 	C:\Program Files\McAfee\Endpoint Security\Threat Prevention\Ips\EpMPThe.dll
0x00007fff940f0000 - 0x00007fff940fc000 	D:\softwares\sts\sts-4.8.1.RELEASE\plugins\org.eclipse.justj.openjdk.hotspot.jre.full.win32.x86_64_15.0.0.v20201014-1246\jre\bin\vcruntime140_1.dll
0x00007fff7e200000 - 0x00007fff7e291000 	D:\softwares\sts\sts-4.8.1.RELEASE\plugins\org.eclipse.justj.openjdk.hotspot.jre.full.win32.x86_64_15.0.0.v20201014-1246\jre\bin\msvcp140.dll
0x00007fff4b330000 - 0x00007fff4be8c000 	D:\softwares\sts\sts-4.8.1.RELEASE\plugins\org.eclipse.justj.openjdk.hotspot.jre.full.win32.x86_64_15.0.0.v20201014-1246\jre\bin\server\jvm.dll
0x00007fffa84f0000 - 0x00007fffa84f8000 	C:\Windows\System32\PSAPI.DLL
0x00007fffa2410000 - 0x00007fffa241a000 	C:\Windows\SYSTEM32\VERSION.dll
0x00007fffa3040000 - 0x00007fffa3064000 	C:\Windows\SYSTEM32\WINMM.dll
0x00007fff8e0b0000 - 0x00007fff8e0b9000 	C:\Windows\SYSTEM32\WSOCK32.dll
0x00007fffa87e0000 - 0x00007fffa884f000 	C:\Windows\System32\WS2_32.dll
0x00007fffa3010000 - 0x00007fffa303d000 	C:\Windows\SYSTEM32\WINMMBASE.dll
0x00007fffa6b00000 - 0x00007fffa6b4a000 	C:\Windows\System32\cfgmgr32.dll
0x00007fffa6840000 - 0x00007fffa6851000 	C:\Windows\System32\kernel.appcore.dll
0x00007fffa1c50000 - 0x00007fffa1c5a000 	D:\softwares\sts\sts-4.8.1.RELEASE\plugins\org.eclipse.justj.openjdk.hotspot.jre.full.win32.x86_64_15.0.0.v20201014-1246\jre\bin\jimage.dll
0x00007fff90190000 - 0x00007fff90384000 	C:\Windows\SYSTEM32\DBGHELP.DLL
0x00007fff8ff40000 - 0x00007fff8ff6a000 	C:\Windows\SYSTEM32\dbgcore.DLL
0x00007fff8adc0000 - 0x00007fff8ade5000 	D:\softwares\sts\sts-4.8.1.RELEASE\plugins\org.eclipse.justj.openjdk.hotspot.jre.full.win32.x86_64_15.0.0.v20201014-1246\jre\bin\java.dll
0x00007fff8e1b0000 - 0x00007fff8e1c8000 	D:\softwares\sts\sts-4.8.1.RELEASE\plugins\org.eclipse.justj.openjdk.hotspot.jre.full.win32.x86_64_15.0.0.v20201014-1246\jre\bin\zip.dll
0x00007fffa90d0000 - 0x00007fffa97b7000 	C:\Windows\System32\SHELL32.dll
0x00007fffa8ea0000 - 0x00007fffa8f49000 	C:\Windows\System32\shcore.dll
0x00007fffa6b50000 - 0x00007fffa72d1000 	C:\Windows\System32\windows.storage.dll
0x00007fffa6860000 - 0x00007fffa6883000 	C:\Windows\System32\profapi.dll
0x00007fffa67f0000 - 0x00007fffa683a000 	C:\Windows\System32\powrprof.dll
0x00007fffa67e0000 - 0x00007fffa67f0000 	C:\Windows\System32\UMPDC.dll
0x00007fffa8460000 - 0x00007fffa84b2000 	C:\Windows\System32\shlwapi.dll
0x00007fffa79d0000 - 0x00007fffa79e7000 	C:\Windows\System32\cryptsp.dll
0x00007fff8aff0000 - 0x00007fff8b009000 	D:\softwares\sts\sts-4.8.1.RELEASE\plugins\org.eclipse.justj.openjdk.hotspot.jre.full.win32.x86_64_15.0.0.v20201014-1246\jre\bin\net.dll
0x00007fff9cfd0000 - 0x00007fff9d0c0000 	C:\Windows\SYSTEM32\WINHTTP.dll
0x00007fffa5fd0000 - 0x00007fffa6037000 	C:\Windows\system32\mswsock.dll
0x00007fff8ab60000 - 0x00007fff8ab72000 	D:\softwares\sts\sts-4.8.1.RELEASE\plugins\org.eclipse.justj.openjdk.hotspot.jre.full.win32.x86_64_15.0.0.v20201014-1246\jre\bin\nio.dll
0x00007fff99de0000 - 0x00007fff99df0000 	D:\softwares\sts\sts-4.8.1.RELEASE\plugins\org.eclipse.justj.openjdk.hotspot.jre.full.win32.x86_64_15.0.0.v20201014-1246\jre\bin\verify.dll

dbghelp: loaded successfully - version: 4.0.5 - missing functions: none
symbol engine: initialized successfully - sym options: 0x614 - pdb path: .;D:\softwares\sts\sts-4.8.1.RELEASE\plugins\org.eclipse.justj.openjdk.hotspot.jre.full.win32.x86_64_15.0.0.v20201014-1246\jre\bin;C:\Windows\SYSTEM32;C:\Windows\WinSxS\amd64_microsoft.windows.common-controls_6595b64144ccf1df_6.0.18362.1256_none_9e7e379be45e40e2;C:\Program Files\McAfee\Endpoint Security\Threat Prevention\Ips;D:\softwares\sts\sts-4.8.1.RELEASE\plugins\org.eclipse.justj.openjdk.hotspot.jre.full.win32.x86_64_15.0.0.v20201014-1246\jre\bin\server

VM Arguments:
jvm_args: -Dfile.encoding=UTF-8 -XX:+ShowCodeDetailsInExceptionMessages 
java_command: com.example.springboot.Application
java_class_path (initial): D:\project\Form Classifier\FC-master\bin\main;D:\Users\braja4375\.gradle\caches\modules-2\files-2.1\net.sourceforge.tess4j\tess4j\4.5.4\a390ca518a5f73972923c552926bfa4ae04be8bd\tess4j-4.5.4.jar;D:\Users\braja4375\.gradle\caches\modules-2\files-2.1\net.sourceforge.lept4j\lept4j\1.13.2\170d336639441ac3fdde10b11a1f613de593c950\lept4j-1.13.2.jar;D:\Users\braja4375\.gradle\caches\modules-2\files-2.1\org.ghost4j\ghost4j\1.0.1\a026bc023a623b43df336670ceb00eba355bbc81\ghost4j-1.0.1.jar;D:\Users\braja4375\.gradle\caches\modules-2\files-2.1\org.apache.xmlgraphics\xmlgraphics-commons\1.4\52a051c7202449347ab3d717987b5fc2e2a52143\xmlgraphics-commons-1.4.jar;D:\Users\braja4375\.gradle\caches\modules-2\files-2.1\commons-io\commons-io\2.6\815893df5f31da2ece4040fe0a12fd44b577afaf\commons-io-2.6.jar;D:\Users\braja4375\.gradle\caches\modules-2\files-2.1\commons-configuration\commons-configuration\1.7\3559d47ea9e5f46d8cdc6503f08344b67b255dfd\commons-configuration-1.7.jar;D:\Users\braja4375\.gradle\caches\modules-2\files-2.1\net.lingala.zip4j\zip4j\2.1.1\1574fbded1ea6fada4a2b62c5a33b3aa2422c729\zip4j-2.1.1.jar;D:\Users\braja4375\.gradle\caches\modules-2\files-2.1\org.springframework.boot\spring-boot-starter-actuator\2.3.3.RELEASE\adbc928b10c73b484286f37f0ad77693bee7bcdd\spring-boot-starter-actuator-2.3.3.RELEASE.jar;D:\Users\braja4375\.gradle\caches\modules-2\files-2.1\org.springframework.boot\spring-boot-starter-web\2.3.3.RELEASE\d38db3c19ba4bc114aaa4febfc1d89cd8725822d\spring-boot-starter-web-2.3.3.RELEASE.jar;D:\Users\braja4375\.gradle\caches\modules-2\files-2.1\org.springframework.boot\spring-boot-starter-data-jpa\2.3.3.RELEASE\b71e2ec26c835ff528b7e845f875f8953ae56c66\spring-boot-starter-data-jpa-2.3.3.RELEASE.jar;D:\Users\braja4375\.gradle\caches\modules-2\files-2.1\io.springfox\springfox-swagger2\2.7.0\dd28b7ce26af1209d6ef19f5f24a8c23b41ca6fc\springfox-swagger2-2.7.0.jar;D:\Users\braja4375\.gradle\caches\modules-2\files-2.1\io.springfox\springfox-swagg
Launcher Type: SUN_STANDARD

[Global flags]
     intx CICompilerCount                          = 4                                         {product} {ergonomic}
     uint ConcGCThreads                            = 2                                         {product} {ergonomic}
     uint G1ConcRefinementThreads                  = 8                                         {product} {ergonomic}
   size_t G1HeapRegionSize                         = 2097152                                   {product} {ergonomic}
    uintx GCDrainStackTargetSize                   = 64                                        {product} {ergonomic}
   size_t InitialHeapSize                          = 266338304                                 {product} {ergonomic}
   size_t MarkStackSize                            = 4194304                                   {product} {ergonomic}
   size_t MaxHeapSize                              = 4238344192                                {product} {ergonomic}
   size_t MaxNewSize                               = 2541748224                                {product} {ergonomic}
   size_t MinHeapDeltaBytes                        = 2097152                                   {product} {ergonomic}
   size_t MinHeapSize                              = 8388608                                   {product} {ergonomic}
    uintx NonNMethodCodeHeapSize                   = 5839372                                {pd product} {ergonomic}
    uintx NonProfiledCodeHeapSize                  = 122909434                              {pd product} {ergonomic}
    uintx ProfiledCodeHeapSize                     = 122909434                              {pd product} {ergonomic}
    uintx ReservedCodeCacheSize                    = 251658240                              {pd product} {ergonomic}
     bool SegmentedCodeCache                       = true                                      {product} {ergonomic}
     bool ShowCodeDetailsInExceptionMessages       = true                                   {manageable} {command line}
   size_t SoftMaxHeapSize                          = 4238344192                             {manageable} {ergonomic}
     bool UseCompressedClassPointers               = true                                 {lp64_product} {ergonomic}
     bool UseCompressedOops                        = true                                 {lp64_product} {ergonomic}
     bool UseG1GC                                  = true                                      {product} {ergonomic}
     bool UseLargePagesIndividualAllocation        = false                                  {pd product} {ergonomic}

Logging:
Log output configuration:
 #0: stdout all=warning uptime,level,tags
 #1: stderr all=off uptime,level,tags

Environment Variables:
JAVA_HOME=C:\Program Files\Java
PATH=D:/softwares/sts/sts-4.8.1.RELEASE//plugins/org.eclipse.justj.openjdk.hotspot.jre.full.win32.x86_64_15.0.0.v20201014-1246/jre/bin/server;D:/softwares/sts/sts-4.8.1.RELEASE//plugins/org.eclipse.justj.openjdk.hotspot.jre.full.win32.x86_64_15.0.0.v20201014-1246/jre/bin;C:\Python39\Scripts\;C:\Python39\;C:\Windows\system32;C:\Windows;C:\Windows\System32\Wbem;C:\Windows\System32\WindowsPowerShell\v1.0\;C:\Windows\System32\OpenSSH\;C:\Program Files\Intel\WiFi\bin\;C:\Program Files\Common Files\Intel\WirelessCommon\;C:\Program Files\PuTTY\;C:\Program Files\Java\bin;C:\Program Files\nodejs\;C:\ProgramData\chocolatey\bin;D:\Users\braja4375\AppData\Local\Microsoft\WindowsApps;D:\Users\braja4375\AppData\Roaming\npm;D:\Users\braja4375\AppData\Local\Programs\Microsoft VS Code\bin;D:\softwares\sts\sts-4.8.1.RELEASE;
USERNAME=Braja4375
OS=Windows_NT
PROCESSOR_IDENTIFIER=Intel64 Family 6 Model 142 Stepping 12, GenuineIntel



---------------  S Y S T E M  ---------------

OS:
 Windows 10 , 64 bit Build 18362 (10.0.18362.1110)
OS uptime: 1 days 0:47 hours

CPU: total 8 (initial active 8) (4 cores per cpu, 2 threads per core) family 6 model 142 stepping 12, cmov, cx8, fxsr, mmx, sse, sse2, sse3, ssse3, sse4.1, sse4.2, popcnt, vzeroupper, avx, avx2, aes, clmul, erms, 3dnowpref, lzcnt, ht, tsc, tscinvbit, bmi1, bmi2, adx, fma, clflush, clflushopt

Memory: 4k page, system-wide physical 16163M (2404M free)
TotalPageFile size 16163M (AvailPageFile size 5M)
current process WorkingSet (physical memory assigned to process): 60M, peak: 60M
current process commit charge ("private bytes"): 354M, peak: 354M

vm_info: OpenJDK 64-Bit Server VM (15+36-1562) for windows-amd64 JRE (15+36-1562), built on Aug 11 2020 22:33:04 by "mach5one" with unknown MS VC++:1925

END.
