#
# There is insufficient memory for the Java Runtime Environment to continue.
# Native memory allocation (mmap) failed to map 266338304 bytes for G1 virtual space
# Possible reasons:
#   The system is out of physical RAM or swap space
#   The process is running with CompressedOops enabled, and the Java Heap may be blocking the growth of the native heap
# Possible solutions:
#   Reduce memory load on the system
#   Increase physical memory or swap space
#   Check if swap backing store is full
#   Decrease Java heap size (-Xmx/-Xms)
#   Decrease number of Java threads
#   Decrease Java thread stack sizes (-Xss)
#   Set larger code cache with -XX:ReservedCodeCacheSize=
#   JVM is running with Zero Based Compressed Oops mode in which the Java heap is
#     placed in the first 32GB address space. The Java Heap base address is the
#     maximum limit for the native heap growth. Please use -XX:HeapBaseMinAddress
#     to set the Java Heap base and to place the Java Heap above 32GB virtual address.
# This output file may be truncated or incomplete.
#
#  Out of Memory Error (./open/src/hotspot/os/windows/os_windows.cpp:3472), pid=19452, tid=18760
#
# JRE version:  (15.0+36) (build )
# Java VM: OpenJDK 64-Bit Server VM (15+36-1562, mixed mode, sharing, tiered, compressed oops, g1 gc, windows-amd64)
# No core dump will be written. Minidumps are not enabled by default on client versions of Windows
#

---------------  S U M M A R Y ------------

Command Line: -XX:+ShowCodeDetailsInExceptionMessages -agentlib:jdwp=transport=dt_socket,suspend=y,address=localhost:54297 -javaagent:D:\softwares\sts\sts-4.8.1.RELEASE\configuration\org.eclipse.osgi\262\0\.cp\lib\javaagent-shaded.jar -Dfile.encoding=UTF-8 com.example.springboot.Application

Host: Intel(R) Core(TM) i5-8265U CPU @ 1.60GHz, 8 cores, 15G,  Windows 10 , 64 bit Build 18362 (10.0.18362.1110)
Time: Mon Feb  8 23:39:06 2021 India Standard Time elapsed time: 0.012889 seconds (0d 0h 0m 0s)

---------------  T H R E A D  ---------------

Current thread (0x000001877ce3f8a0):  JavaThread "Unknown thread" [_thread_in_vm, id=18760, stack(0x00000013eb400000,0x00000013eb500000)]

Stack: [0x00000013eb400000,0x00000013eb500000]
Native frames: (J=compiled Java code, j=interpreted, Vv=VM code, C=native code)
V  [jvm.dll+0x629eaa]
V  [jvm.dll+0x780379]
V  [jvm.dll+0x781ad3]
V  [jvm.dll+0x782133]
V  [jvm.dll+0x2159d5]
V  [jvm.dll+0x627299]
V  [jvm.dll+0x61bdd5]
V  [jvm.dll+0x2cf96d]
V  [jvm.dll+0x2cf7d2]
V  [jvm.dll+0x2d57ac]
V  [jvm.dll+0x32523a]
V  [jvm.dll+0x324904]
V  [jvm.dll+0x2a68ea]
V  [jvm.dll+0x2a7a88]
V  [jvm.dll+0x75d0f1]
V  [jvm.dll+0x333af4]
V  [jvm.dll+0x73d816]
V  [jvm.dll+0x3b68e7]
V  [jvm.dll+0x3b8371]
C  [jli.dll+0x52fb]
C  [ucrtbase.dll+0x210b2]
C  [KERNEL32.DLL+0x17c24]
C  [ntdll.dll+0x6d4d1]


---------------  P R O C E S S  ---------------

Threads class SMR info:
_java_thread_list=0x00007fff4bdf2fa0, length=0, elements={
}

Java Threads: ( => current thread )

Other Threads:
  0x000001877ce91c80 GCTaskThread "GC Thread#0" [stack: 0x00000013eb500000,0x00000013eb600000] [id=3652]
  0x000001877ce9f3d0 ConcurrentGCThread "G1 Main Marker" [stack: 0x00000013eb600000,0x00000013eb700000] [id=2332]
  0x000001877f2a2780 ConcurrentGCThread "G1 Conc#0" [stack: 0x00000013eb700000,0x00000013eb800000] [id=19316]

[error occurred during error reporting (printing all threads), id 0xc0000005, EXCEPTION_ACCESS_VIOLATION (0xc0000005) at pc=0x00007fff4b5e77b7]

VM state: not at safepoint (not fully initialized)

VM Mutex/Monitor currently owned by a thread:  ([mutex/lock_event])
[0x000001877ce3b5b0] Heap_lock - owner thread: 0x000001877ce3f8a0

Heap address: 0x0000000703600000, size: 4042 MB, Compressed Oops mode: Zero based, Oop shift amount: 3
CDS archive(s) mapped at: [0x0000000000000000-0x0000000000000000-0x0000000000000000), size 0, SharedBaseAddress: 0x0000000800000000, ArchiveRelocationMode: 0.
Narrow klass base: 0x0000000000000000, Narrow klass shift: 0, Narrow klass range: 0x0

Heap:
 garbage-first heap   total 260096K, used 0K [0x0000000703600000, 0x0000000800000000)
  region size 2048K, 0 young (0K), 0 survivors (0K)
 Metaspace       used 0K, capacity 0K, committed 0K, reserved 0K
  class space    used 0K, capacity 0K, committed 0K, reserved 0K

Heap Regions: E=young(eden), S=young(survivor), O=old, HS=humongous(starts), HC=humongous(continues), CS=collection set, F=free, OA=open archive, CA=closed archive, TAMS=top-at-mark-start (previous, next)

Card table byte_map: [0x000001877e1f0000,0x000001877e9e0000] _byte_map_base: 0x000001877a9d5000

Marking Bits (Prev, Next): (CMBitMap*) 0x000001877ce92470, (CMBitMap*) 0x000001877ce924b0
 Prev Bits: [0x0000018712940000, 0x0000018716868000)
 Next Bits: [0x0000018716870000, 0x000001871a798000)

GC Heap History (0 events):
No events

Deoptimization events (0 events):
No events

Classes unloaded (0 events):
No events

Classes redefined (0 events):
No events

Internal exceptions (0 events):
No events

Events (1 events):
Event: 0.008 Loaded shared library D:\softwares\sts\sts-4.8.1.RELEASE\plugins\org.eclipse.justj.openjdk.hotspot.jre.full.win32.x86_64_15.0.0.v20201014-1246\jre\bin\java.dll


Dynamic libraries:
0x00007ff6eefd0000 - 0x00007ff6eefdd000 	D:\softwares\sts\sts-4.8.1.RELEASE\plugins\org.eclipse.justj.openjdk.hotspot.jre.full.win32.x86_64_15.0.0.v20201014-1246\jre\bin\javaw.exe
0x00007fffa9940000 - 0x00007fffa9b30000 	C:\Windows\SYSTEM32\ntdll.dll
0x00007fffa8720000 - 0x00007fffa87d2000 	C:\Windows\System32\KERNEL32.DLL
0x00007fffa7400000 - 0x00007fffa76a5000 	C:\Windows\System32\KERNELBASE.dll
0x00007fffa68b0000 - 0x00007fffa69aa000 	C:\Windows\System32\ucrtbase.dll
0x00007fff7e740000 - 0x00007fff7e758000 	D:\softwares\sts\sts-4.8.1.RELEASE\plugins\org.eclipse.justj.openjdk.hotspot.jre.full.win32.x86_64_15.0.0.v20201014-1246\jre\bin\jli.dll
0x00007fff7e590000 - 0x00007fff7e5a9000 	D:\softwares\sts\sts-4.8.1.RELEASE\plugins\org.eclipse.justj.openjdk.hotspot.jre.full.win32.x86_64_15.0.0.v20201014-1246\jre\bin\VCRUNTIME140.dll
0x00007fffa8500000 - 0x00007fffa8694000 	C:\Windows\System32\USER32.dll
0x00007fffa7800000 - 0x00007fffa7821000 	C:\Windows\System32\win32u.dll
0x00007fff92ed0000 - 0x00007fff93154000 	C:\Windows\WinSxS\amd64_microsoft.windows.common-controls_6595b64144ccf1df_6.0.18362.1256_none_9e7e379be45e40e2\COMCTL32.dll
0x00007fffa84c0000 - 0x00007fffa84e6000 	C:\Windows\System32\GDI32.dll
0x00007fffa7da0000 - 0x00007fffa7e3e000 	C:\Windows\System32\msvcrt.dll
0x00007fffa7830000 - 0x00007fffa79c6000 	C:\Windows\System32\gdi32full.dll
0x00007fffa8850000 - 0x00007fffa8b86000 	C:\Windows\System32\combase.dll
0x00007fffa76b0000 - 0x00007fffa774e000 	C:\Windows\System32\msvcp_win.dll
0x00007fffa8fb0000 - 0x00007fffa90d0000 	C:\Windows\System32\RPCRT4.dll
0x00007fffa72e0000 - 0x00007fffa7361000 	C:\Windows\System32\bcryptPrimitives.dll
0x00007fffa8d30000 - 0x00007fffa8d5e000 	C:\Windows\System32\IMM32.DLL
0x00007fff797a0000 - 0x00007fff79844000 	C:\Program Files\McAfee\Endpoint Security\Threat Prevention\Ips\EpMPApi.dll
0x00007fffa8df0000 - 0x00007fffa8e93000 	C:\Windows\System32\ADVAPI32.dll
0x00007fffa79f0000 - 0x00007fffa7a87000 	C:\Windows\System32\sechost.dll
0x00007fffa7370000 - 0x00007fffa73cc000 	C:\Windows\System32\WINTRUST.dll
0x00007fffa6890000 - 0x00007fffa68a2000 	C:\Windows\System32\MSASN1.dll
0x00007fffa69b0000 - 0x00007fffa6af9000 	C:\Windows\System32\CRYPT32.dll
0x0000000050010000 - 0x000000005001c000 	C:\Program Files\McAfee\Endpoint Security\Threat Prevention\Ips\EpMPThe.dll
0x00007fff940f0000 - 0x00007fff940fc000 	D:\softwares\sts\sts-4.8.1.RELEASE\plugins\org.eclipse.justj.openjdk.hotspot.jre.full.win32.x86_64_15.0.0.v20201014-1246\jre\bin\vcruntime140_1.dll
0x00007fff7e200000 - 0x00007fff7e291000 	D:\softwares\sts\sts-4.8.1.RELEASE\plugins\org.eclipse.justj.openjdk.hotspot.jre.full.win32.x86_64_15.0.0.v20201014-1246\jre\bin\msvcp140.dll
0x00007fff4b330000 - 0x00007fff4be8c000 	D:\softwares\sts\sts-4.8.1.RELEASE\plugins\org.eclipse.justj.openjdk.hotspot.jre.full.win32.x86_64_15.0.0.v20201014-1246\jre\bin\server\jvm.dll
0x00007fffa84f0000 - 0x00007fffa84f8000 	C:\Windows\System32\PSAPI.DLL
0x00007fffa3040000 - 0x00007fffa3064000 	C:\Windows\SYSTEM32\WINMM.dll
0x00007fffa2410000 - 0x00007fffa241a000 	C:\Windows\SYSTEM32\VERSION.dll
0x00007fff8e0b0000 - 0x00007fff8e0b9000 	C:\Windows\SYSTEM32\WSOCK32.dll
0x00007fffa87e0000 - 0x00007fffa884f000 	C:\Windows\System32\WS2_32.dll
0x00007fffa3010000 - 0x00007fffa303d000 	C:\Windows\SYSTEM32\winmmbase.dll
0x00007fffa6b00000 - 0x00007fffa6b4a000 	C:\Windows\System32\cfgmgr32.dll
0x00007fffa6840000 - 0x00007fffa6851000 	C:\Windows\System32\kernel.appcore.dll
0x00007fffa1c50000 - 0x00007fffa1c5a000 	D:\softwares\sts\sts-4.8.1.RELEASE\plugins\org.eclipse.justj.openjdk.hotspot.jre.full.win32.x86_64_15.0.0.v20201014-1246\jre\bin\jimage.dll
0x00007fff90190000 - 0x00007fff90384000 	C:\Windows\SYSTEM32\DBGHELP.DLL
0x00007fff8ff40000 - 0x00007fff8ff6a000 	C:\Windows\SYSTEM32\dbgcore.DLL
0x00007fff94da0000 - 0x00007fff94dd9000 	D:\softwares\sts\sts-4.8.1.RELEASE\plugins\org.eclipse.justj.openjdk.hotspot.jre.full.win32.x86_64_15.0.0.v20201014-1246\jre\bin\jdwp.dll
0x00007fffa26c0000 - 0x00007fffa26ce000 	D:\softwares\sts\sts-4.8.1.RELEASE\plugins\org.eclipse.justj.openjdk.hotspot.jre.full.win32.x86_64_15.0.0.v20201014-1246\jre\bin\instrument.dll
0x00007fff8adc0000 - 0x00007fff8ade5000 	D:\softwares\sts\sts-4.8.1.RELEASE\plugins\org.eclipse.justj.openjdk.hotspot.jre.full.win32.x86_64_15.0.0.v20201014-1246\jre\bin\java.dll

dbghelp: loaded successfully - version: 4.0.5 - missing functions: none
symbol engine: initialized successfully - sym options: 0x614 - pdb path: .;D:\softwares\sts\sts-4.8.1.RELEASE\plugins\org.eclipse.justj.openjdk.hotspot.jre.full.win32.x86_64_15.0.0.v20201014-1246\jre\bin;C:\Windows\SYSTEM32;C:\Windows\WinSxS\amd64_microsoft.windows.common-controls_6595b64144ccf1df_6.0.18362.1256_none_9e7e379be45e40e2;C:\Program Files\McAfee\Endpoint Security\Threat Prevention\Ips;D:\softwares\sts\sts-4.8.1.RELEASE\plugins\org.eclipse.justj.openjdk.hotspot.jre.full.win32.x86_64_15.0.0.v20201014-1246\jre\bin\server

VM Arguments:
jvm_args: -XX:+ShowCodeDetailsInExceptionMessages -agentlib:jdwp=transport=dt_socket,suspend=y,address=localhost:54297 -javaagent:D:\softwares\sts\sts-4.8.1.RELEASE\configuration\org.eclipse.osgi\262\0\.cp\lib\javaagent-shaded.jar -Dfile.encoding=UTF-8 
java_command: com.example.springboot.Application
java_class_path (initial): D:\project\Form Classifier\FC-master\bin\main;D:\Users\braja4375\.gradle\caches\modules-2\files-2.1\net.sourceforge.tess4j\tess4j\4.5.4\a390ca518a5f73972923c552926bfa4ae04be8bd\tess4j-4.5.4.jar;D:\Users\braja4375\.gradle\caches\modules-2\files-2.1\net.sourceforge.lept4j\lept4j\1.13.2\170d336639441ac3fdde10b11a1f613de593c950\lept4j-1.13.2.jar;D:\Users\braja4375\.gradle\caches\modules-2\files-2.1\org.ghost4j\ghost4j\1.0.1\a026bc023a623b43df336670ceb00eba355bbc81\ghost4j-1.0.1.jar;D:\Users\braja4375\.gradle\caches\modules-2\files-2.1\org.apache.xmlgraphics\xmlgraphics-commons\1.4\52a051c7202449347ab3d717987b5fc2e2a52143\xmlgraphics-commons-1.4.jar;D:\Users\braja4375\.gradle\caches\modules-2\files-2.1\commons-io\commons-io\2.6\815893df5f31da2ece4040fe0a12fd44b577afaf\commons-io-2.6.jar;D:\Users\braja4375\.gradle\caches\modules-2\files-2.1\commons-configuration\commons-configuration\1.7\3559d47ea9e5f46d8cdc6503f08344b67b255dfd\commons-configuration-1.7.jar;D:\Users\braja4375\.gradle\caches\modules-2\files-2.1\net.lingala.zip4j\zip4j\2.1.1\1574fbded1ea6fada4a2b62c5a33b3aa2422c729\zip4j-2.1.1.jar;D:\Users\braja4375\.gradle\caches\modules-2\files-2.1\org.springframework.boot\spring-boot-starter-actuator\2.3.3.RELEASE\adbc928b10c73b484286f37f0ad77693bee7bcdd\spring-boot-starter-actuator-2.3.3.RELEASE.jar;D:\Users\braja4375\.gradle\caches\modules-2\files-2.1\org.springframework.boot\spring-boot-starter-web\2.3.3.RELEASE\d38db3c19ba4bc114aaa4febfc1d89cd8725822d\spring-boot-starter-web-2.3.3.RELEASE.jar;D:\Users\braja4375\.gradle\caches\modules-2\files-2.1\org.springframework.boot\spring-boot-starter-data-jpa\2.3.3.RELEASE\b71e2ec26c835ff528b7e845f875f8953ae56c66\spring-boot-starter-data-jpa-2.3.3.RELEASE.jar;D:\Users\braja4375\.gradle\caches\modules-2\files-2.1\io.springfox\springfox-swagger2\2.7.0\dd28b7ce26af1209d6ef19f5f24a8c23b41ca6fc\springfox-swagger2-2.7.0.jar;D:\Users\braja4375\.gradle\caches\modules-2\files-2.1\io.springfox\springfox-swagg
Launcher Type: SUN_STANDARD

[Global flags]
     intx CICompilerCount                          = 4                                         {product} {ergonomic}
     uint ConcGCThreads                            = 2                                         {product} {ergonomic}
     uint G1ConcRefinementThreads                  = 8                                         {product} {ergonomic}
   size_t G1HeapRegionSize                         = 2097152                                   {product} {ergonomic}
    uintx GCDrainStackTargetSize                   = 64                                        {product} {ergonomic}
   size_t InitialHeapSize                          = 266338304                                 {product} {ergonomic}
   size_t MarkStackSize                            = 4194304                                   {product} {ergonomic}
   size_t MaxHeapSize                              = 4238344192                                {product} {ergonomic}
   size_t MinHeapDeltaBytes                        = 2097152                                   {product} {ergonomic}
   size_t MinHeapSize                              = 8388608                                   {product} {ergonomic}
    uintx NonNMethodCodeHeapSize                   = 5839372                                {pd product} {ergonomic}
    uintx NonProfiledCodeHeapSize                  = 122909434                              {pd product} {ergonomic}
    uintx ProfiledCodeHeapSize                     = 122909434                              {pd product} {ergonomic}
    uintx ReservedCodeCacheSize                    = 251658240                              {pd product} {ergonomic}
     bool SegmentedCodeCache                       = true                                      {product} {ergonomic}
     bool ShowCodeDetailsInExceptionMessages       = true                                   {manageable} {command line}
   size_t SoftMaxHeapSize                          = 4238344192                             {manageable} {ergonomic}
     bool UseCompressedClassPointers               = true                                 {lp64_product} {ergonomic}
     bool UseCompressedOops                        = true                                 {lp64_product} {ergonomic}
     bool UseG1GC                                  = true                                      {product} {ergonomic}
     bool UseLargePagesIndividualAllocation        = false                                  {pd product} {ergonomic}

Logging:
Log output configuration:
 #0: stdout all=warning uptime,level,tags
 #1: stderr all=off uptime,level,tags

Environment Variables:
JAVA_HOME=C:\Program Files\Java
PATH=D:\softwares\sts\sts-4.8.1.RELEASE\plugins\org.eclipse.justj.openjdk.hotspot.jre.full.win32.x86_64_15.0.0.v20201014-1246\jre\bin;D:/softwares/sts/sts-4.8.1.RELEASE//plugins/org.eclipse.justj.openjdk.hotspot.jre.full.win32.x86_64_15.0.0.v20201014-1246/jre/bin/server;D:/softwares/sts/sts-4.8.1.RELEASE//plugins/org.eclipse.justj.openjdk.hotspot.jre.full.win32.x86_64_15.0.0.v20201014-1246/jre/bin;C:\Python39\Scripts\;C:\Python39\;C:\Windows\system32;C:\Windows;C:\Windows\System32\Wbem;C:\Windows\System32\WindowsPowerShell\v1.0\;C:\Windows\System32\OpenSSH\;C:\Program Files\Intel\WiFi\bin\;C:\Program Files\Common Files\Intel\WirelessCommon\;C:\Program Files\PuTTY\;C:\Program Files\Java\bin;C:\Program Files\nodejs\;C:\ProgramData\chocolatey\bin;D:\Users\braja4375\AppData\Local\Microsoft\WindowsApps;D:\Users\braja4375\AppData\Roaming\npm;D:\Users\braja4375\AppData\Local\Programs\Microsoft VS Code\bin;D:\softwares\sts\sts-4.8.1.RELEASE;
USERNAME=Braja4375
OS=Windows_NT
PROCESSOR_IDENTIFIER=Intel64 Family 6 Model 142 Stepping 12, GenuineIntel



---------------  S Y S T E M  ---------------

OS:
 Windows 10 , 64 bit Build 18362 (10.0.18362.1110)
OS uptime: 1 days 0:46 hours

CPU: total 8 (initial active 8) (4 cores per cpu, 2 threads per core) family 6 model 142 stepping 12, cmov, cx8, fxsr, mmx, sse, sse2, sse3, ssse3, sse4.1, sse4.2, popcnt, vzeroupper, avx, avx2, aes, clmul, erms, 3dnowpref, lzcnt, ht, tsc, tscinvbit, bmi1, bmi2, adx, fma, clflush, clflushopt

Memory: 4k page, system-wide physical 16163M (2341M free)
TotalPageFile size 16163M (AvailPageFile size 169M)
current process WorkingSet (physical memory assigned to process): 11M, peak: 11M
current process commit charge ("private bytes"): 61M, peak: 315M

vm_info: OpenJDK 64-Bit Server VM (15+36-1562) for windows-amd64 JRE (15+36-1562), built on Aug 11 2020 22:33:04 by "mach5one" with unknown MS VC++:1925

END.
